<?xml version="1.0" encoding="UTF-8"?>
<!-- Generated by org.testng.reporters.JUnitReportReporter -->
<testsuite hostname="DESKTOP-NT8RJMA" failures="0" tests="1" name="maruf.Tasmi.Cia" time="11.267" errors="0" timestamp="04 Mar 2021 18:20:55 GMT" skipped="0">
  <testcase classname="maruf.Tasmi.Cia" name="hand" time="11.267"/>
</testsuite> <!-- maruf.Tasmi.Cia -->
