<?xml version="1.0" encoding="UTF-8"?>
<!-- Generated by org.testng.reporters.JUnitReportReporter -->
<testsuite hostname="DESKTOP-NT8RJMA" failures="0" tests="1" name="maruf.Tasmi.Ami" time="7.563" errors="0" timestamp="11 Mar 2021 17:17:52 GMT" skipped="0">
  <testcase classname="maruf.Tasmi.Ami" name="vini" time="7.563"/>
</testsuite> <!-- maruf.Tasmi.Ami -->
