<?xml version="1.0" encoding="UTF-8"?>
<!-- Generated by org.testng.reporters.JUnitReportReporter -->
<testsuite hostname="DESKTOP-NT8RJMA" failures="0" tests="1" name="maruf.Tasmi.Signup" time="3.701" errors="0" timestamp="27 Feb 2021 05:08:54 GMT" skipped="0">
  <testcase classname="maruf.Tasmi.Signup" name="tani" time="3.701"/>
</testsuite> <!-- maruf.Tasmi.Signup -->
