<?xml version="1.0" encoding="UTF-8"?>
<!-- Generated by org.testng.reporters.JUnitReportReporter -->
<testsuite hostname="DESKTOP-NT8RJMA" failures="0" tests="1" name="maruf.Tasmi.Bl" time="4.757" errors="0" timestamp="18 Mar 2021 19:59:10 GMT" skipped="0">
  <testcase classname="maruf.Tasmi.Bl" name="jewellery" time="4.757"/>
</testsuite> <!-- maruf.Tasmi.Bl -->
